<?xml version="1.0" encoding="UTF-8"?>
<coverage generated="1774216226271" clover="3.2.0">
  <project timestamp="1774216226271" name="All files">
    <metrics statements="139" coveredstatements="86" conditionals="88" coveredconditionals="34" methods="55" coveredmethods="28" elements="282" coveredelements="148" complexity="0" loc="139" ncloc="139" packages="5" files="15" classes="15"/>
    <package name="Components">
      <metrics statements="86" coveredstatements="43" conditionals="72" coveredconditionals="19" methods="32" coveredmethods="12"/>
      <file name="NewsCard.jsx" path="/home/tarekul42/programming/web-dev/social-projects/OPTB-P1-kutumbpur-high-school/src/Components/NewsCard.jsx">
        <metrics statements="6" coveredstatements="3" conditionals="6" coveredconditionals="4" methods="4" coveredmethods="1"/>
        <line num="3" count="1" type="stmt"/>
        <line num="4" count="30" type="stmt"/>
        <line num="6" count="30" type="stmt"/>
        <line num="10" count="0" type="stmt"/>
        <line num="11" count="0" type="stmt"/>
        <line num="46" count="0" type="stmt"/>
      </file>
      <file name="NewsModal.jsx" path="/home/tarekul42/programming/web-dev/social-projects/OPTB-P1-kutumbpur-high-school/src/Components/NewsModal.jsx">
        <metrics statements="4" coveredstatements="2" conditionals="8" coveredconditionals="3" methods="2" coveredmethods="1"/>
        <line num="1" count="1" type="stmt"/>
        <line num="2" count="10" type="cond" truecount="2" falsecount="2"/>
        <line num="4" count="0" type="stmt"/>
        <line num="11" count="0" type="stmt"/>
      </file>
      <file name="SearchBar.jsx" path="/home/tarekul42/programming/web-dev/social-projects/OPTB-P1-kutumbpur-high-school/src/Components/SearchBar.jsx">
        <metrics statements="47" coveredstatements="15" conditionals="41" coveredconditionals="4" methods="12" coveredmethods="2"/>
        <line num="3" count="1" type="stmt"/>
        <line num="4" count="10" type="stmt"/>
        <line num="5" count="10" type="stmt"/>
        <line num="6" count="10" type="stmt"/>
        <line num="7" count="10" type="stmt"/>
        <line num="8" count="10" type="stmt"/>
        <line num="10" count="10" type="stmt"/>
        <line num="11" count="7" type="cond" truecount="1" falsecount="1"/>
        <line num="12" count="0" type="stmt"/>
        <line num="14" count="0" type="cond" truecount="0" falsecount="4"/>
        <line num="19" count="7" type="stmt"/>
        <line num="22" count="10" type="cond" truecount="1" falsecount="2"/>
        <line num="24" count="10" type="stmt"/>
        <line num="25" count="0" type="stmt"/>
        <line num="26" count="0" type="stmt"/>
        <line num="27" count="0" type="stmt"/>
        <line num="30" count="10" type="stmt"/>
        <line num="31" count="0" type="cond" truecount="0" falsecount="2"/>
        <line num="33" count="0" type="cond" truecount="0" falsecount="4"/>
        <line num="35" count="0" type="stmt"/>
        <line num="36" count="0" type="stmt"/>
        <line num="37" count="0" type="cond" truecount="0" falsecount="2"/>
        <line num="39" count="0" type="stmt"/>
        <line num="41" count="0" type="stmt"/>
        <line num="42" count="0" type="cond" truecount="0" falsecount="2"/>
        <line num="43" count="0" type="stmt"/>
        <line num="45" count="0" type="stmt"/>
        <line num="46" count="0" type="cond" truecount="0" falsecount="4"/>
        <line num="47" count="0" type="stmt"/>
        <line num="49" count="0" type="stmt"/>
        <line num="51" count="0" type="stmt"/>
        <line num="52" count="0" type="stmt"/>
        <line num="56" count="10" type="stmt"/>
        <line num="57" count="0" type="stmt"/>
        <line num="58" count="0" type="stmt"/>
        <line num="59" count="0" type="stmt"/>
        <line num="60" count="0" type="cond" truecount="0" falsecount="2"/>
        <line num="61" count="0" type="stmt"/>
        <line num="63" count="0" type="stmt"/>
        <line num="67" count="10" type="stmt"/>
        <line num="68" count="0" type="stmt"/>
        <line num="69" count="0" type="stmt"/>
        <line num="70" count="0" type="stmt"/>
        <line num="73" count="10" type="stmt"/>
        <line num="82" count="0" type="cond" truecount="0" falsecount="2"/>
        <line num="132" count="0" type="cond" truecount="0" falsecount="2"/>
        <line num="134" count="0" type="stmt"/>
      </file>
      <file name="StatCard.jsx" path="/home/tarekul42/programming/web-dev/social-projects/OPTB-P1-kutumbpur-high-school/src/Components/StatCard.jsx">
        <metrics statements="3" coveredstatements="3" conditionals="3" coveredconditionals="2" methods="1" coveredmethods="1"/>
        <line num="4" count="1" type="cond" truecount="1" falsecount="0"/>
        <line num="5" count="40" type="stmt"/>
        <line num="10" count="40" type="stmt"/>
      </file>
      <file name="TestimonialCarousel.jsx" path="/home/tarekul42/programming/web-dev/social-projects/OPTB-P1-kutumbpur-high-school/src/Components/TestimonialCarousel.jsx">
        <metrics statements="26" coveredstatements="20" conditionals="14" coveredconditionals="6" methods="13" coveredmethods="7"/>
        <line num="5" count="1" type="stmt"/>
        <line num="6" count="31" type="stmt"/>
        <line num="16" count="31" type="stmt"/>
        <line num="17" count="31" type="stmt"/>
        <line num="19" count="31" type="stmt"/>
        <line num="20" count="0" type="cond" truecount="0" falsecount="2"/>
        <line num="23" count="31" type="stmt"/>
        <line num="24" count="0" type="cond" truecount="0" falsecount="2"/>
        <line num="27" count="31" type="stmt"/>
        <line num="29" count="0" type="cond" truecount="0" falsecount="2"/>
        <line num="34" count="31" type="stmt"/>
        <line num="35" count="7" type="cond" truecount="1" falsecount="1"/>
        <line num="36" count="7" type="stmt"/>
        <line num="39" count="31" type="stmt"/>
        <line num="40" count="14" type="cond" truecount="2" falsecount="0"/>
        <line num="41" count="7" type="stmt"/>
        <line num="42" count="7" type="stmt"/>
        <line num="43" count="7" type="stmt"/>
        <line num="44" count="7" type="stmt"/>
        <line num="48" count="31" type="stmt"/>
        <line num="51" count="0" type="stmt"/>
        <line num="52" count="0" type="stmt"/>
        <line num="57" count="124" type="stmt"/>
        <line num="91" count="620" type="stmt"/>
        <line num="128" count="124" type="stmt"/>
        <line num="130" count="0" type="stmt"/>
      </file>
    </package>
    <package name="Pages.Home.Home">
      <metrics statements="26" coveredstatements="18" conditionals="2" coveredconditionals="1" methods="10" coveredmethods="4"/>
      <file name="Home.jsx" path="/home/tarekul42/programming/web-dev/social-projects/OPTB-P1-kutumbpur-high-school/src/Pages/Home/Home/Home.jsx">
        <metrics statements="26" coveredstatements="18" conditionals="2" coveredconditionals="1" methods="10" coveredmethods="4"/>
        <line num="13" count="1" type="stmt"/>
        <line num="15" count="1" type="stmt"/>
        <line num="16" count="10" type="stmt"/>
        <line num="17" count="10" type="stmt"/>
        <line num="18" count="10" type="stmt"/>
        <line num="19" count="10" type="stmt"/>
        <line num="20" count="10" type="stmt"/>
        <line num="22" count="10" type="stmt"/>
        <line num="23" count="7" type="stmt"/>
        <line num="24" count="7" type="stmt"/>
        <line num="26" count="7" type="stmt"/>
        <line num="30" count="10" type="cond" truecount="1" falsecount="1"/>
        <line num="32" count="0" type="stmt"/>
        <line num="34" count="10" type="stmt"/>
        <line num="35" count="10" type="stmt"/>
        <line num="37" count="10" type="stmt"/>
        <line num="38" count="0" type="stmt"/>
        <line num="41" count="10" type="stmt"/>
        <line num="42" count="0" type="stmt"/>
        <line num="43" count="0" type="stmt"/>
        <line num="46" count="10" type="stmt"/>
        <line num="47" count="0" type="stmt"/>
        <line num="48" count="0" type="stmt"/>
        <line num="51" count="10" type="stmt"/>
        <line num="77" count="0" type="stmt"/>
        <line num="78" count="0" type="stmt"/>
      </file>
    </package>
    <package name="Pages.Home.Home.components">
      <metrics statements="21" coveredstatements="19" conditionals="14" coveredconditionals="14" methods="13" coveredmethods="12"/>
      <file name="CTASection.jsx" path="/home/tarekul42/programming/web-dev/social-projects/OPTB-P1-kutumbpur-high-school/src/Pages/Home/Home/components/CTASection.jsx">
        <metrics statements="2" coveredstatements="2" conditionals="0" coveredconditionals="0" methods="1" coveredmethods="1"/>
        <line num="3" count="1" type="stmt"/>
        <line num="4" count="10" type="stmt"/>
      </file>
      <file name="FeaturesSection.jsx" path="/home/tarekul42/programming/web-dev/social-projects/OPTB-P1-kutumbpur-high-school/src/Pages/Home/Home/components/FeaturesSection.jsx">
        <metrics statements="3" coveredstatements="3" conditionals="0" coveredconditionals="0" methods="2" coveredmethods="2"/>
        <line num="3" count="1" type="stmt"/>
        <line num="4" count="10" type="stmt"/>
        <line num="18" count="30" type="stmt"/>
      </file>
      <file name="HeroSection.jsx" path="/home/tarekul42/programming/web-dev/social-projects/OPTB-P1-kutumbpur-high-school/src/Pages/Home/Home/components/HeroSection.jsx">
        <metrics statements="2" coveredstatements="2" conditionals="10" coveredconditionals="10" methods="1" coveredmethods="1"/>
        <line num="5" count="1" type="stmt"/>
        <line num="6" count="10" type="stmt"/>
      </file>
      <file name="NewsSection.jsx" path="/home/tarekul42/programming/web-dev/social-projects/OPTB-P1-kutumbpur-high-school/src/Pages/Home/Home/components/NewsSection.jsx">
        <metrics statements="6" coveredstatements="4" conditionals="4" coveredconditionals="4" methods="4" coveredmethods="3"/>
        <line num="4" count="1" type="stmt"/>
        <line num="14" count="10" type="stmt"/>
        <line num="29" count="40" type="stmt"/>
        <line num="32" count="0" type="stmt"/>
        <line num="33" count="0" type="stmt"/>
        <line num="49" count="30" type="stmt"/>
      </file>
      <file name="ProgramsSection.jsx" path="/home/tarekul42/programming/web-dev/social-projects/OPTB-P1-kutumbpur-high-school/src/Pages/Home/Home/components/ProgramsSection.jsx">
        <metrics statements="3" coveredstatements="3" conditionals="0" coveredconditionals="0" methods="2" coveredmethods="2"/>
        <line num="3" count="1" type="stmt"/>
        <line num="4" count="10" type="stmt"/>
        <line num="17" count="30" type="stmt"/>
      </file>
      <file name="StatsSection.jsx" path="/home/tarekul42/programming/web-dev/social-projects/OPTB-P1-kutumbpur-high-school/src/Pages/Home/Home/components/StatsSection.jsx">
        <metrics statements="3" coveredstatements="3" conditionals="0" coveredconditionals="0" methods="2" coveredmethods="2"/>
        <line num="4" count="1" type="stmt"/>
        <line num="5" count="10" type="stmt"/>
        <line num="11" count="40" type="stmt"/>
      </file>
      <file name="TestimonialsSection.jsx" path="/home/tarekul42/programming/web-dev/social-projects/OPTB-P1-kutumbpur-high-school/src/Pages/Home/Home/components/TestimonialsSection.jsx">
        <metrics statements="2" coveredstatements="2" conditionals="0" coveredconditionals="0" methods="1" coveredmethods="1"/>
        <line num="4" count="1" type="stmt"/>
        <line num="5" count="10" type="stmt"/>
      </file>
    </package>
    <package name="assets">
      <metrics statements="0" coveredstatements="0" conditionals="0" coveredconditionals="0" methods="0" coveredmethods="0"/>
      <file name="school_hero_main.png" path="/home/tarekul42/programming/web-dev/social-projects/OPTB-P1-kutumbpur-high-school/src/assets/school_hero_main.png">
        <metrics statements="0" coveredstatements="0" conditionals="0" coveredconditionals="0" methods="0" coveredmethods="0"/>
      </file>
    </package>
    <package name="data">
      <metrics statements="6" coveredstatements="6" conditionals="0" coveredconditionals="0" methods="0" coveredmethods="0"/>
      <file name="homeData.jsx" path="/home/tarekul42/programming/web-dev/social-projects/OPTB-P1-kutumbpur-high-school/src/data/homeData.jsx">
        <metrics statements="6" coveredstatements="6" conditionals="0" coveredconditionals="0" methods="0" coveredmethods="0"/>
        <line num="1" count="1" type="stmt"/>
        <line num="64" count="1" type="stmt"/>
        <line num="85" count="1" type="stmt"/>
        <line num="92" count="1" type="stmt"/>
        <line num="127" count="1" type="stmt"/>
        <line num="239" count="1" type="stmt"/>
      </file>
    </package>
  </project>
</coverage>
