{"/home/tarekul42/programming/web-dev/social-projects/OPTB-P1-kutumbpur-high-school/src/Components/NewsCard.jsx": {"path":"/home/tarekul42/programming/web-dev/social-projects/OPTB-P1-kutumbpur-high-school/src/Components/NewsCard.jsx","statementMap":{"0":{"start":{"line":3,"column":17},"end":{"line":70,"column":null}},"1":{"start":{"line":4,"column":32},"end":{"line":4,"column":null}},"2":{"start":{"line":6,"column":2},"end":{"line":68,"column":null}},"3":{"start":{"line":10,"column":28},"end":{"line":10,"column":null}},"4":{"start":{"line":11,"column":28},"end":{"line":11,"column":null}},"5":{"start":{"line":46,"column":27},"end":{"line":46,"column":null}}},"fnMap":{"0":{"name":"(anonymous_0)","decl":{"start":{"line":3,"column":17},"end":{"line":3,"column":18}},"loc":{"start":{"line":3,"column":43},"end":{"line":70,"column":null}},"line":3},"1":{"name":"(anonymous_1)","decl":{"start":{"line":10,"column":22},"end":{"line":10,"column":28}},"loc":{"start":{"line":10,"column":28},"end":{"line":10,"column":null}},"line":10},"2":{"name":"(anonymous_2)","decl":{"start":{"line":11,"column":22},"end":{"line":11,"column":28}},"loc":{"start":{"line":11,"column":28},"end":{"line":11,"column":null}},"line":11},"3":{"name":"(anonymous_3)","decl":{"start":{"line":46,"column":21},"end":{"line":46,"column":27}},"loc":{"start":{"line":46,"column":27},"end":{"line":46,"column":null}},"line":46}},"branchMap":{"0":{"loc":{"start":{"line":18,"column":14},"end":{"line":18,"column":null}},"type":"cond-expr","locations":[{"start":{"line":18,"column":26},"end":{"line":18,"column":40}},{"start":{"line":18,"column":40},"end":{"line":18,"column":null}}],"line":18},"1":{"loc":{"start":{"line":23,"column":14},"end":{"line":23,"column":null}},"type":"cond-expr","locations":[{"start":{"line":23,"column":26},"end":{"line":23,"column":42}},{"start":{"line":23,"column":42},"end":{"line":23,"column":null}}],"line":23},"2":{"loc":{"start":{"line":26,"column":11},"end":{"line":29,"column":null}},"type":"binary-expr","locations":[{"start":{"line":26,"column":11},"end":{"line":26,"column":null}},{"start":{"line":27,"column":12},"end":{"line":29,"column":null}}],"line":26}},"s":{"0":1,"1":30,"2":30,"3":0,"4":0,"5":0},"f":{"0":30,"1":0,"2":0,"3":0},"b":{"0":[0,30],"1":[0,30],"2":[30,30]},"meta":{"lastBranch":3,"lastFunction":4,"lastStatement":6,"seen":{"s:3:17:70:Infinity":0,"f:3:17:3:18":0,"s:4:32:4:Infinity":1,"s:6:2:68:Infinity":2,"f:10:22:10:28":1,"s:10:28:10:Infinity":3,"f:11:22:11:28":2,"s:11:28:11:Infinity":4,"b:18:26:18:40:18:40:18:Infinity":0,"b:23:26:23:42:23:42:23:Infinity":1,"b:26:11:26:Infinity:27:12:29:Infinity":2,"f:46:21:46:27":3,"s:46:27:46:Infinity":5}}}
,"/home/tarekul42/programming/web-dev/social-projects/OPTB-P1-kutumbpur-high-school/src/Components/NewsModal.jsx": {"path":"/home/tarekul42/programming/web-dev/social-projects/OPTB-P1-kutumbpur-high-school/src/Components/NewsModal.jsx","statementMap":{"0":{"start":{"line":1,"column":18},"end":{"line":71,"column":null}},"1":{"start":{"line":2,"column":2},"end":{"line":2,"column":null}},"2":{"start":{"line":2,"column":24},"end":{"line":2,"column":null}},"3":{"start":{"line":4,"column":2},"end":{"line":69,"column":null}},"4":{"start":{"line":11,"column":24},"end":{"line":11,"column":null}}},"fnMap":{"0":{"name":"(anonymous_0)","decl":{"start":{"line":1,"column":18},"end":{"line":1,"column":19}},"loc":{"start":{"line":1,"column":49},"end":{"line":71,"column":null}},"line":1},"1":{"name":"(anonymous_1)","decl":{"start":{"line":11,"column":17},"end":{"line":11,"column":18}},"loc":{"start":{"line":11,"column":24},"end":{"line":11,"column":null}},"line":11}},"branchMap":{"0":{"loc":{"start":{"line":2,"column":2},"end":{"line":2,"column":null}},"type":"if","locations":[{"start":{"line":2,"column":2},"end":{"line":2,"column":null}},{"start":{},"end":{}}],"line":2},"1":{"loc":{"start":{"line":2,"column":6},"end":{"line":2,"column":24}},"type":"binary-expr","locations":[{"start":{"line":2,"column":6},"end":{"line":2,"column":17}},{"start":{"line":2,"column":17},"end":{"line":2,"column":24}}],"line":2},"2":{"loc":{"start":{"line":30,"column":13},"end":{"line":33,"column":null}},"type":"binary-expr","locations":[{"start":{"line":30,"column":13},"end":{"line":30,"column":null}},{"start":{"line":31,"column":14},"end":{"line":33,"column":null}}],"line":30},"3":{"loc":{"start":{"line":49,"column":15},"end":{"line":49,"column":null}},"type":"binary-expr","locations":[{"start":{"line":49,"column":15},"end":{"line":49,"column":31}},{"start":{"line":49,"column":31},"end":{"line":49,"column":null}}],"line":49}},"s":{"0":1,"1":10,"2":10,"3":0,"4":0},"f":{"0":10,"1":0},"b":{"0":[10,0],"1":[10,0],"2":[0,0],"3":[10,0]},"meta":{"lastBranch":4,"lastFunction":2,"lastStatement":5,"seen":{"s:1:18:71:Infinity":0,"f:1:18:1:19":0,"b:2:2:2:Infinity:undefined:undefined:undefined:undefined":0,"s:2:2:2:Infinity":1,"b:2:6:2:17:2:17:2:24":1,"s:2:24:2:Infinity":2,"s:4:2:69:Infinity":3,"f:11:17:11:18":1,"s:11:24:11:Infinity":4,"b:30:13:30:Infinity:31:14:33:Infinity":2,"b:49:15:49:31:49:31:49:Infinity":3}}}
,"/home/tarekul42/programming/web-dev/social-projects/OPTB-P1-kutumbpur-high-school/src/Components/SearchBar.jsx": {"path":"/home/tarekul42/programming/web-dev/social-projects/OPTB-P1-kutumbpur-high-school/src/Components/SearchBar.jsx","statementMap":{"0":{"start":{"line":3,"column":18},"end":{"line":212,"column":null}},"1":{"start":{"line":4,"column":24},"end":{"line":4,"column":null}},"2":{"start":{"line":5,"column":42},"end":{"line":5,"column":null}},"3":{"start":{"line":6,"column":40},"end":{"line":6,"column":null}},"4":{"start":{"line":7,"column":8},"end":{"line":7,"column":null}},"5":{"start":{"line":8,"column":8},"end":{"line":8,"column":null}},"6":{"start":{"line":10,"column":8},"end":{"line":20,"column":null}},"7":{"start":{"line":11,"column":4},"end":{"line":18,"column":null}},"8":{"start":{"line":12,"column":6},"end":{"line":17,"column":null}},"9":{"start":{"line":14,"column":10},"end":{"line":16,"column":null}},"10":{"start":{"line":19,"column":4},"end":{"line":19,"column":null}},"11":{"start":{"line":22,"column":17},"end":{"line":22,"column":null}},"12":{"start":{"line":24,"column":8},"end":{"line":28,"column":null}},"13":{"start":{"line":25,"column":4},"end":{"line":25,"column":null}},"14":{"start":{"line":26,"column":4},"end":{"line":26,"column":null}},"15":{"start":{"line":27,"column":4},"end":{"line":27,"column":null}},"16":{"start":{"line":30,"column":8},"end":{"line":54,"column":null}},"17":{"start":{"line":31,"column":4},"end":{"line":31,"column":null}},"18":{"start":{"line":31,"column":17},"end":{"line":31,"column":null}},"19":{"start":{"line":33,"column":4},"end":{"line":53,"column":null}},"20":{"start":{"line":35,"column":8},"end":{"line":35,"column":null}},"21":{"start":{"line":36,"column":8},"end":{"line":38,"column":null}},"22":{"start":{"line":37,"column":10},"end":{"line":37,"column":null}},"23":{"start":{"line":39,"column":8},"end":{"line":39,"column":null}},"24":{"start":{"line":41,"column":8},"end":{"line":41,"column":null}},"25":{"start":{"line":42,"column":8},"end":{"line":42,"column":null}},"26":{"start":{"line":42,"column":36},"end":{"line":42,"column":63}},"27":{"start":{"line":43,"column":8},"end":{"line":43,"column":null}},"28":{"start":{"line":45,"column":8},"end":{"line":45,"column":null}},"29":{"start":{"line":46,"column":8},"end":{"line":48,"column":null}},"30":{"start":{"line":47,"column":10},"end":{"line":47,"column":null}},"31":{"start":{"line":49,"column":8},"end":{"line":49,"column":null}},"32":{"start":{"line":51,"column":8},"end":{"line":51,"column":null}},"33":{"start":{"line":52,"column":8},"end":{"line":52,"column":null}},"34":{"start":{"line":56,"column":8},"end":{"line":65,"column":null}},"35":{"start":{"line":57,"column":18},"end":{"line":57,"column":null}},"36":{"start":{"line":58,"column":4},"end":{"line":58,"column":null}},"37":{"start":{"line":59,"column":4},"end":{"line":59,"column":null}},"38":{"start":{"line":60,"column":4},"end":{"line":64,"column":null}},"39":{"start":{"line":61,"column":6},"end":{"line":61,"column":null}},"40":{"start":{"line":63,"column":6},"end":{"line":63,"column":null}},"41":{"start":{"line":67,"column":8},"end":{"line":71,"column":null}},"42":{"start":{"line":68,"column":4},"end":{"line":68,"column":null}},"43":{"start":{"line":69,"column":4},"end":{"line":69,"column":null}},"44":{"start":{"line":70,"column":4},"end":{"line":70,"column":null}},"45":{"start":{"line":73,"column":2},"end":{"line":210,"column":null}},"46":{"start":{"line":82,"column":25},"end":{"line":82,"column":null}},"47":{"start":{"line":132,"column":18},"end":{"line":168,"column":null}},"48":{"start":{"line":134,"column":37},"end":{"line":134,"column":null}}},"fnMap":{"0":{"name":"(anonymous_0)","decl":{"start":{"line":3,"column":18},"end":{"line":3,"column":19}},"loc":{"start":{"line":3,"column":42},"end":{"line":212,"column":null}},"line":3},"1":{"name":"(anonymous_1)","decl":{"start":{"line":10,"column":26},"end":{"line":10,"column":32}},"loc":{"start":{"line":10,"column":32},"end":{"line":20,"column":5}},"line":10},"2":{"name":"(anonymous_2)","decl":{"start":{"line":13,"column":8},"end":{"line":13,"column":9}},"loc":{"start":{"line":14,"column":10},"end":{"line":16,"column":null}},"line":14},"3":{"name":"(anonymous_3)","decl":{"start":{"line":24,"column":35},"end":{"line":24,"column":36}},"loc":{"start":{"line":24,"column":45},"end":{"line":28,"column":5}},"line":24},"4":{"name":"(anonymous_4)","decl":{"start":{"line":30,"column":36},"end":{"line":30,"column":37}},"loc":{"start":{"line":30,"column":43},"end":{"line":54,"column":5}},"line":30},"5":{"name":"(anonymous_5)","decl":{"start":{"line":36,"column":25},"end":{"line":36,"column":26}},"loc":{"start":{"line":37,"column":10},"end":{"line":37,"column":null}},"line":37},"6":{"name":"(anonymous_6)","decl":{"start":{"line":42,"column":25},"end":{"line":42,"column":26}},"loc":{"start":{"line":42,"column":36},"end":{"line":42,"column":63}},"line":42},"7":{"name":"(anonymous_7)","decl":{"start":{"line":56,"column":40},"end":{"line":56,"column":41}},"loc":{"start":{"line":56,"column":47},"end":{"line":65,"column":5}},"line":56},"8":{"name":"(anonymous_8)","decl":{"start":{"line":67,"column":34},"end":{"line":67,"column":40}},"loc":{"start":{"line":67,"column":40},"end":{"line":71,"column":5}},"line":67},"9":{"name":"(anonymous_9)","decl":{"start":{"line":82,"column":19},"end":{"line":82,"column":25}},"loc":{"start":{"line":82,"column":25},"end":{"line":82,"column":null}},"line":82},"10":{"name":"(anonymous_10)","decl":{"start":{"line":131,"column":29},"end":{"line":131,"column":30}},"loc":{"start":{"line":132,"column":18},"end":{"line":168,"column":null}},"line":132},"11":{"name":"(anonymous_11)","decl":{"start":{"line":134,"column":31},"end":{"line":134,"column":37}},"loc":{"start":{"line":134,"column":37},"end":{"line":134,"column":null}},"line":134}},"branchMap":{"0":{"loc":{"start":{"line":11,"column":4},"end":{"line":18,"column":null}},"type":"if","locations":[{"start":{"line":11,"column":4},"end":{"line":18,"column":null}},{"start":{},"end":{}}],"line":11},"1":{"loc":{"start":{"line":14,"column":10},"end":{"line":16,"column":null}},"type":"binary-expr","locations":[{"start":{"line":14,"column":10},"end":{"line":14,"column":null}},{"start":{"line":15,"column":10},"end":{"line":15,"column":null}},{"start":{"line":16,"column":11},"end":{"line":16,"column":23}},{"start":{"line":16,"column":23},"end":{"line":16,"column":null}}],"line":14},"2":{"loc":{"start":{"line":22,"column":17},"end":{"line":22,"column":null}},"type":"binary-expr","locations":[{"start":{"line":22,"column":17},"end":{"line":22,"column":37}},{"start":{"line":22,"column":37},"end":{"line":22,"column":59}},{"start":{"line":22,"column":59},"end":{"line":22,"column":null}}],"line":22},"3":{"loc":{"start":{"line":31,"column":4},"end":{"line":31,"column":null}},"type":"if","locations":[{"start":{"line":31,"column":4},"end":{"line":31,"column":null}},{"start":{},"end":{}}],"line":31},"4":{"loc":{"start":{"line":33,"column":4},"end":{"line":53,"column":null}},"type":"switch","locations":[{"start":{"line":34,"column":6},"end":{"line":39,"column":null}},{"start":{"line":40,"column":6},"end":{"line":43,"column":null}},{"start":{"line":44,"column":6},"end":{"line":49,"column":null}},{"start":{"line":50,"column":6},"end":{"line":52,"column":null}}],"line":33},"5":{"loc":{"start":{"line":37,"column":10},"end":{"line":37,"column":null}},"type":"cond-expr","locations":[{"start":{"line":37,"column":38},"end":{"line":37,"column":49}},{"start":{"line":37,"column":49},"end":{"line":37,"column":null}}],"line":37},"6":{"loc":{"start":{"line":42,"column":36},"end":{"line":42,"column":63}},"type":"cond-expr","locations":[{"start":{"line":42,"column":47},"end":{"line":42,"column":58}},{"start":{"line":42,"column":58},"end":{"line":42,"column":63}}],"line":42},"7":{"loc":{"start":{"line":46,"column":8},"end":{"line":48,"column":null}},"type":"if","locations":[{"start":{"line":46,"column":8},"end":{"line":48,"column":null}},{"start":{},"end":{}}],"line":46},"8":{"loc":{"start":{"line":46,"column":12},"end":{"line":46,"column":58}},"type":"binary-expr","locations":[{"start":{"line":46,"column":12},"end":{"line":46,"column":34}},{"start":{"line":46,"column":34},"end":{"line":46,"column":58}}],"line":46},"9":{"loc":{"start":{"line":60,"column":4},"end":{"line":64,"column":null}},"type":"if","locations":[{"start":{"line":60,"column":4},"end":{"line":64,"column":null}},{"start":{"line":62,"column":11},"end":{"line":64,"column":null}}],"line":60},"10":{"loc":{"start":{"line":82,"column":25},"end":{"line":82,"column":null}},"type":"binary-expr","locations":[{"start":{"line":82,"column":25},"end":{"line":82,"column":45}},{"start":{"line":82,"column":45},"end":{"line":82,"column":null}}],"line":82},"11":{"loc":{"start":{"line":99,"column":9},"end":{"line":117,"column":null}},"type":"binary-expr","locations":[{"start":{"line":99,"column":9},"end":{"line":99,"column":null}},{"start":{"line":100,"column":10},"end":{"line":117,"column":null}}],"line":99},"12":{"loc":{"start":{"line":121,"column":7},"end":{"line":208,"column":null}},"type":"binary-expr","locations":[{"start":{"line":121,"column":7},"end":{"line":121,"column":null}},{"start":{"line":122,"column":8},"end":{"line":208,"column":null}}],"line":121},"13":{"loc":{"start":{"line":123,"column":11},"end":{"line":206,"column":null}},"type":"cond-expr","locations":[{"start":{"line":124,"column":12},"end":{"line":184,"column":null}},{"start":{"line":186,"column":12},"end":{"line":206,"column":null}}],"line":123},"14":{"loc":{"start":{"line":127,"column":42},"end":{"line":127,"column":74}},"type":"cond-expr","locations":[{"start":{"line":127,"column":65},"end":{"line":127,"column":71}},{"start":{"line":127,"column":71},"end":{"line":127,"column":74}}],"line":127},"15":{"loc":{"start":{"line":136,"column":24},"end":{"line":136,"column":null}},"type":"cond-expr","locations":[{"start":{"line":136,"column":50},"end":{"line":136,"column":67}},{"start":{"line":136,"column":67},"end":{"line":136,"column":null}}],"line":136},"16":{"loc":{"start":{"line":160,"column":27},"end":{"line":163,"column":null}},"type":"binary-expr","locations":[{"start":{"line":160,"column":27},"end":{"line":160,"column":null}},{"start":{"line":161,"column":28},"end":{"line":163,"column":null}}],"line":160},"17":{"loc":{"start":{"line":132,"column":27},"end":{"line":132,"column":null}},"type":"binary-expr","locations":[{"start":{"line":132,"column":27},"end":{"line":132,"column":38}},{"start":{"line":132,"column":38},"end":{"line":132,"column":null}}],"line":132}},"s":{"0":1,"1":10,"2":10,"3":10,"4":10,"5":10,"6":10,"7":7,"8":0,"9":0,"10":7,"11":10,"12":10,"13":0,"14":0,"15":0,"16":10,"17":0,"18":0,"19":0,"20":0,"21":0,"22":0,"23":0,"24":0,"25":0,"26":0,"27":0,"28":0,"29":0,"30":0,"31":0,"32":0,"33":0,"34":10,"35":0,"36":0,"37":0,"38":0,"39":0,"40":0,"41":10,"42":0,"43":0,"44":0,"45":10,"46":0,"47":0,"48":0},"f":{"0":10,"1":7,"2":0,"3":0,"4":0,"5":0,"6":0,"7":0,"8":0,"9":0,"10":0,"11":0},"b":{"0":[0,7],"1":[0,0,0,0],"2":[10,0,0],"3":[0,0],"4":[0,0,0,0],"5":[0,0],"6":[0,0],"7":[0,0],"8":[0,0],"9":[0,0],"10":[0,0],"11":[10,0],"12":[10,0],"13":[0,0],"14":[0,0],"15":[0,0],"16":[0,0],"17":[0,0]},"meta":{"lastBranch":18,"lastFunction":12,"lastStatement":49,"seen":{"s:3:18:212:Infinity":0,"f:3:18:3:19":0,"s:4:24:4:Infinity":1,"s:5:42:5:Infinity":2,"s:6:40:6:Infinity":3,"s:7:8:7:Infinity":4,"s:8:8:8:Infinity":5,"s:10:8:20:Infinity":6,"f:10:26:10:32":1,"b:11:4:18:Infinity:undefined:undefined:undefined:undefined":0,"s:11:4:18:Infinity":7,"s:12:6:17:Infinity":8,"f:13:8:13:9":2,"s:14:10:16:Infinity":9,"b:14:10:14:Infinity:15:10:15:Infinity:16:11:16:23:16:23:16:Infinity":1,"s:19:4:19:Infinity":10,"s:22:17:22:Infinity":11,"b:22:17:22:37:22:37:22:59:22:59:22:Infinity":2,"s:24:8:28:Infinity":12,"f:24:35:24:36":3,"s:25:4:25:Infinity":13,"s:26:4:26:Infinity":14,"s:27:4:27:Infinity":15,"s:30:8:54:Infinity":16,"f:30:36:30:37":4,"b:31:4:31:Infinity:undefined:undefined:undefined:undefined":3,"s:31:4:31:Infinity":17,"s:31:17:31:Infinity":18,"b:34:6:39:Infinity:40:6:43:Infinity:44:6:49:Infinity:50:6:52:Infinity":4,"s:33:4:53:Infinity":19,"s:35:8:35:Infinity":20,"s:36:8:38:Infinity":21,"f:36:25:36:26":5,"s:37:10:37:Infinity":22,"b:37:38:37:49:37:49:37:Infinity":5,"s:39:8:39:Infinity":23,"s:41:8:41:Infinity":24,"s:42:8:42:Infinity":25,"f:42:25:42:26":6,"s:42:36:42:63":26,"b:42:47:42:58:42:58:42:63":6,"s:43:8:43:Infinity":27,"s:45:8:45:Infinity":28,"b:46:8:48:Infinity:undefined:undefined:undefined:undefined":7,"s:46:8:48:Infinity":29,"b:46:12:46:34:46:34:46:58":8,"s:47:10:47:Infinity":30,"s:49:8:49:Infinity":31,"s:51:8:51:Infinity":32,"s:52:8:52:Infinity":33,"s:56:8:65:Infinity":34,"f:56:40:56:41":7,"s:57:18:57:Infinity":35,"s:58:4:58:Infinity":36,"s:59:4:59:Infinity":37,"b:60:4:64:Infinity:62:11:64:Infinity":9,"s:60:4:64:Infinity":38,"s:61:6:61:Infinity":39,"s:63:6:63:Infinity":40,"s:67:8:71:Infinity":41,"f:67:34:67:40":8,"s:68:4:68:Infinity":42,"s:69:4:69:Infinity":43,"s:70:4:70:Infinity":44,"s:73:2:210:Infinity":45,"f:82:19:82:25":9,"s:82:25:82:Infinity":46,"b:82:25:82:45:82:45:82:Infinity":10,"b:99:9:99:Infinity:100:10:117:Infinity":11,"b:121:7:121:Infinity:122:8:208:Infinity":12,"b:124:12:184:Infinity:186:12:206:Infinity":13,"b:127:65:127:71:127:71:127:74":14,"f:131:29:131:30":10,"s:132:18:168:Infinity":47,"f:134:31:134:37":11,"s:134:37:134:Infinity":48,"b:136:50:136:67:136:67:136:Infinity":15,"b:160:27:160:Infinity:161:28:163:Infinity":16,"b:132:27:132:38:132:38:132:Infinity":17}}}
,"/home/tarekul42/programming/web-dev/social-projects/OPTB-P1-kutumbpur-high-school/src/Components/StatCard.jsx": {"path":"/home/tarekul42/programming/web-dev/social-projects/OPTB-P1-kutumbpur-high-school/src/Components/StatCard.jsx","statementMap":{"0":{"start":{"line":4,"column":17},"end":{"line":32,"column":null}},"1":{"start":{"line":5,"column":22},"end":{"line":8,"column":null}},"2":{"start":{"line":10,"column":2},"end":{"line":30,"column":null}}},"fnMap":{"0":{"name":"(anonymous_0)","decl":{"start":{"line":4,"column":17},"end":{"line":4,"column":18}},"loc":{"start":{"line":4,"column":58},"end":{"line":32,"column":null}},"line":4}},"branchMap":{"0":{"loc":{"start":{"line":4,"column":40},"end":{"line":4,"column":52}},"type":"default-arg","locations":[{"start":{"line":4,"column":49},"end":{"line":4,"column":52}}],"line":4},"1":{"loc":{"start":{"line":17,"column":17},"end":{"line":17,"column":null}},"type":"cond-expr","locations":[{"start":{"line":17,"column":26},"end":{"line":17,"column":30}},{"start":{"line":17,"column":30},"end":{"line":17,"column":null}}],"line":17}},"s":{"0":1,"1":40,"2":40},"f":{"0":40},"b":{"0":[40],"1":[40,0]},"meta":{"lastBranch":2,"lastFunction":1,"lastStatement":3,"seen":{"s:4:17:32:Infinity":0,"f:4:17:4:18":0,"b:4:49:4:52":0,"s:5:22:8:Infinity":1,"s:10:2:30:Infinity":2,"b:17:26:17:30:17:30:17:Infinity":1}}}
,"/home/tarekul42/programming/web-dev/social-projects/OPTB-P1-kutumbpur-high-school/src/Components/TestimonialCarousel.jsx": {"path":"/home/tarekul42/programming/web-dev/social-projects/OPTB-P1-kutumbpur-high-school/src/Components/TestimonialCarousel.jsx","statementMap":{"0":{"start":{"line":5,"column":28},"end":{"line":148,"column":null}},"1":{"start":{"line":6,"column":27},"end":{"line":15,"column":null}},"2":{"start":{"line":16,"column":40},"end":{"line":16,"column":null}},"3":{"start":{"line":17,"column":30},"end":{"line":17,"column":null}},"4":{"start":{"line":19,"column":8},"end":{"line":21,"column":null}},"5":{"start":{"line":20,"column":4},"end":{"line":20,"column":null}},"6":{"start":{"line":20,"column":18},"end":{"line":20,"column":null}},"7":{"start":{"line":23,"column":8},"end":{"line":25,"column":null}},"8":{"start":{"line":24,"column":4},"end":{"line":24,"column":null}},"9":{"start":{"line":24,"column":18},"end":{"line":24,"column":null}},"10":{"start":{"line":27,"column":8},"end":{"line":32,"column":null}},"11":{"start":{"line":29,"column":6},"end":{"line":29,"column":null}},"12":{"start":{"line":29,"column":20},"end":{"line":29,"column":null}},"13":{"start":{"line":34,"column":8},"end":{"line":37,"column":null}},"14":{"start":{"line":35,"column":4},"end":{"line":35,"column":null}},"15":{"start":{"line":35,"column":19},"end":{"line":35,"column":null}},"16":{"start":{"line":36,"column":4},"end":{"line":36,"column":null}},"17":{"start":{"line":39,"column":2},"end":{"line":46,"column":null}},"18":{"start":{"line":40,"column":4},"end":{"line":40,"column":null}},"19":{"start":{"line":40,"column":19},"end":{"line":40,"column":null}},"20":{"start":{"line":41,"column":4},"end":{"line":41,"column":null}},"21":{"start":{"line":42,"column":4},"end":{"line":42,"column":null}},"22":{"start":{"line":43,"column":4},"end":{"line":45,"column":null}},"23":{"start":{"line":44,"column":6},"end":{"line":44,"column":null}},"24":{"start":{"line":48,"column":2},"end":{"line":146,"column":null}},"25":{"start":{"line":51,"column":26},"end":{"line":51,"column":null}},"26":{"start":{"line":52,"column":26},"end":{"line":52,"column":null}},"27":{"start":{"line":57,"column":12},"end":{"line":102,"column":null}},"28":{"start":{"line":91,"column":20},"end":{"line":98,"column":null}},"29":{"start":{"line":128,"column":10},"end":{"line":137,"column":null}},"30":{"start":{"line":130,"column":27},"end":{"line":130,"column":null}}},"fnMap":{"0":{"name":"(anonymous_0)","decl":{"start":{"line":5,"column":28},"end":{"line":5,"column":29}},"loc":{"start":{"line":5,"column":50},"end":{"line":148,"column":null}},"line":5},"1":{"name":"(anonymous_1)","decl":{"start":{"line":19,"column":33},"end":{"line":19,"column":39}},"loc":{"start":{"line":19,"column":39},"end":{"line":21,"column":5}},"line":19},"2":{"name":"(anonymous_2)","decl":{"start":{"line":23,"column":33},"end":{"line":23,"column":39}},"loc":{"start":{"line":23,"column":39},"end":{"line":25,"column":5}},"line":23},"3":{"name":"(anonymous_3)","decl":{"start":{"line":28,"column":4},"end":{"line":28,"column":5}},"loc":{"start":{"line":28,"column":15},"end":{"line":30,"column":null}},"line":28},"4":{"name":"(anonymous_4)","decl":{"start":{"line":34,"column":31},"end":{"line":34,"column":37}},"loc":{"start":{"line":34,"column":37},"end":{"line":37,"column":5}},"line":34},"5":{"name":"(anonymous_5)","decl":{"start":{"line":39,"column":12},"end":{"line":39,"column":18}},"loc":{"start":{"line":39,"column":18},"end":{"line":46,"column":5}},"line":39},"6":{"name":"(anonymous_6)","decl":{"start":{"line":43,"column":11},"end":{"line":43,"column":17}},"loc":{"start":{"line":43,"column":17},"end":{"line":45,"column":null}},"line":43},"7":{"name":"(anonymous_7)","decl":{"start":{"line":51,"column":20},"end":{"line":51,"column":26}},"loc":{"start":{"line":51,"column":26},"end":{"line":51,"column":null}},"line":51},"8":{"name":"(anonymous_8)","decl":{"start":{"line":52,"column":20},"end":{"line":52,"column":26}},"loc":{"start":{"line":52,"column":26},"end":{"line":52,"column":null}},"line":52},"9":{"name":"(anonymous_9)","decl":{"start":{"line":56,"column":28},"end":{"line":56,"column":29}},"loc":{"start":{"line":57,"column":12},"end":{"line":102,"column":null}},"line":57},"10":{"name":"(anonymous_10)","decl":{"start":{"line":90,"column":37},"end":{"line":90,"column":38}},"loc":{"start":{"line":91,"column":20},"end":{"line":98,"column":null}},"line":91},"11":{"name":"(anonymous_11)","decl":{"start":{"line":127,"column":26},"end":{"line":127,"column":27}},"loc":{"start":{"line":128,"column":10},"end":{"line":137,"column":null}},"line":128},"12":{"name":"(anonymous_12)","decl":{"start":{"line":130,"column":21},"end":{"line":130,"column":27}},"loc":{"start":{"line":130,"column":27},"end":{"line":130,"column":null}},"line":130}},"branchMap":{"0":{"loc":{"start":{"line":20,"column":4},"end":{"line":20,"column":null}},"type":"if","locations":[{"start":{"line":20,"column":4},"end":{"line":20,"column":null}},{"start":{},"end":{}}],"line":20},"1":{"loc":{"start":{"line":24,"column":4},"end":{"line":24,"column":null}},"type":"if","locations":[{"start":{"line":24,"column":4},"end":{"line":24,"column":null}},{"start":{},"end":{}}],"line":24},"2":{"loc":{"start":{"line":29,"column":6},"end":{"line":29,"column":null}},"type":"if","locations":[{"start":{"line":29,"column":6},"end":{"line":29,"column":null}},{"start":{},"end":{}}],"line":29},"3":{"loc":{"start":{"line":35,"column":4},"end":{"line":35,"column":null}},"type":"if","locations":[{"start":{"line":35,"column":4},"end":{"line":35,"column":null}},{"start":{},"end":{}}],"line":35},"4":{"loc":{"start":{"line":40,"column":4},"end":{"line":40,"column":null}},"type":"if","locations":[{"start":{"line":40,"column":4},"end":{"line":40,"column":null}},{"start":{},"end":{}}],"line":40},"5":{"loc":{"start":{"line":132,"column":14},"end":{"line":134,"column":null}},"type":"cond-expr","locations":[{"start":{"line":133,"column":18},"end":{"line":133,"column":null}},{"start":{"line":134,"column":18},"end":{"line":134,"column":null}}],"line":132},"6":{"loc":{"start":{"line":141,"column":7},"end":{"line":144,"column":null}},"type":"binary-expr","locations":[{"start":{"line":141,"column":7},"end":{"line":141,"column":null}},{"start":{"line":142,"column":8},"end":{"line":144,"column":null}}],"line":141}},"s":{"0":1,"1":31,"2":31,"3":31,"4":31,"5":0,"6":0,"7":31,"8":0,"9":0,"10":31,"11":0,"12":0,"13":31,"14":7,"15":0,"16":7,"17":31,"18":14,"19":7,"20":7,"21":7,"22":7,"23":7,"24":31,"25":0,"26":0,"27":124,"28":620,"29":124,"30":0},"f":{"0":31,"1":0,"2":0,"3":0,"4":7,"5":14,"6":7,"7":0,"8":0,"9":124,"10":620,"11":124,"12":0},"b":{"0":[0,0],"1":[0,0],"2":[0,0],"3":[0,7],"4":[7,7],"5":[31,93],"6":[31,0]},"meta":{"lastBranch":7,"lastFunction":13,"lastStatement":31,"seen":{"s:5:28:148:Infinity":0,"f:5:28:5:29":0,"s:6:27:15:Infinity":1,"s:16:40:16:Infinity":2,"s:17:30:17:Infinity":3,"s:19:8:21:Infinity":4,"f:19:33:19:39":1,"b:20:4:20:Infinity:undefined:undefined:undefined:undefined":0,"s:20:4:20:Infinity":5,"s:20:18:20:Infinity":6,"s:23:8:25:Infinity":7,"f:23:33:23:39":2,"b:24:4:24:Infinity:undefined:undefined:undefined:undefined":1,"s:24:4:24:Infinity":8,"s:24:18:24:Infinity":9,"s:27:8:32:Infinity":10,"f:28:4:28:5":3,"b:29:6:29:Infinity:undefined:undefined:undefined:undefined":2,"s:29:6:29:Infinity":11,"s:29:20:29:Infinity":12,"s:34:8:37:Infinity":13,"f:34:31:34:37":4,"b:35:4:35:Infinity:undefined:undefined:undefined:undefined":3,"s:35:4:35:Infinity":14,"s:35:19:35:Infinity":15,"s:36:4:36:Infinity":16,"s:39:2:46:Infinity":17,"f:39:12:39:18":5,"b:40:4:40:Infinity:undefined:undefined:undefined:undefined":4,"s:40:4:40:Infinity":18,"s:40:19:40:Infinity":19,"s:41:4:41:Infinity":20,"s:42:4:42:Infinity":21,"s:43:4:45:Infinity":22,"f:43:11:43:17":6,"s:44:6:44:Infinity":23,"s:48:2:146:Infinity":24,"f:51:20:51:26":7,"s:51:26:51:Infinity":25,"f:52:20:52:26":8,"s:52:26:52:Infinity":26,"f:56:28:56:29":9,"s:57:12:102:Infinity":27,"f:90:37:90:38":10,"s:91:20:98:Infinity":28,"f:127:26:127:27":11,"s:128:10:137:Infinity":29,"f:130:21:130:27":12,"s:130:27:130:Infinity":30,"b:133:18:133:Infinity:134:18:134:Infinity":5,"b:141:7:141:Infinity:142:8:144:Infinity":6}}}
,"/home/tarekul42/programming/web-dev/social-projects/OPTB-P1-kutumbpur-high-school/src/Pages/Home/Home/Home.jsx": {"path":"/home/tarekul42/programming/web-dev/social-projects/OPTB-P1-kutumbpur-high-school/src/Pages/Home/Home/Home.jsx","statementMap":{"0":{"start":{"line":13,"column":23},"end":{"line":13,"column":null}},"1":{"start":{"line":15,"column":13},"end":{"line":83,"column":null}},"2":{"start":{"line":16,"column":32},"end":{"line":16,"column":null}},"3":{"start":{"line":17,"column":46},"end":{"line":17,"column":null}},"4":{"start":{"line":18,"column":38},"end":{"line":18,"column":null}},"5":{"start":{"line":19,"column":38},"end":{"line":19,"column":null}},"6":{"start":{"line":20,"column":36},"end":{"line":20,"column":null}},"7":{"start":{"line":22,"column":2},"end":{"line":27,"column":null}},"8":{"start":{"line":23,"column":18},"end":{"line":25,"column":null}},"9":{"start":{"line":24,"column":6},"end":{"line":24,"column":null}},"10":{"start":{"line":26,"column":4},"end":{"line":26,"column":null}},"11":{"start":{"line":26,"column":17},"end":{"line":26,"column":null}},"12":{"start":{"line":30,"column":4},"end":{"line":32,"column":null}},"13":{"start":{"line":32,"column":34},"end":{"line":32,"column":63}},"14":{"start":{"line":34,"column":24},"end":{"line":34,"column":null}},"15":{"start":{"line":35,"column":18},"end":{"line":35,"column":null}},"16":{"start":{"line":37,"column":25},"end":{"line":39,"column":null}},"17":{"start":{"line":38,"column":4},"end":{"line":38,"column":null}},"18":{"start":{"line":38,"column":30},"end":{"line":38,"column":51}},"19":{"start":{"line":41,"column":25},"end":{"line":44,"column":null}},"20":{"start":{"line":42,"column":4},"end":{"line":42,"column":null}},"21":{"start":{"line":43,"column":4},"end":{"line":43,"column":null}},"22":{"start":{"line":46,"column":29},"end":{"line":49,"column":null}},"23":{"start":{"line":47,"column":4},"end":{"line":47,"column":null}},"24":{"start":{"line":48,"column":4},"end":{"line":48,"column":null}},"25":{"start":{"line":51,"column":2},"end":{"line":81,"column":null}},"26":{"start":{"line":77,"column":10},"end":{"line":77,"column":null}},"27":{"start":{"line":78,"column":10},"end":{"line":78,"column":null}}},"fnMap":{"0":{"name":"(anonymous_0)","decl":{"start":{"line":15,"column":13},"end":{"line":15,"column":19}},"loc":{"start":{"line":15,"column":19},"end":{"line":83,"column":null}},"line":15},"1":{"name":"(anonymous_1)","decl":{"start":{"line":22,"column":12},"end":{"line":22,"column":18}},"loc":{"start":{"line":22,"column":18},"end":{"line":27,"column":5}},"line":22},"2":{"name":"(anonymous_2)","decl":{"start":{"line":23,"column":29},"end":{"line":23,"column":35}},"loc":{"start":{"line":23,"column":35},"end":{"line":25,"column":7}},"line":23},"3":{"name":"(anonymous_3)","decl":{"start":{"line":26,"column":11},"end":{"line":26,"column":17}},"loc":{"start":{"line":26,"column":17},"end":{"line":26,"column":null}},"line":26},"4":{"name":"(anonymous_4)","decl":{"start":{"line":32,"column":24},"end":{"line":32,"column":25}},"loc":{"start":{"line":32,"column":34},"end":{"line":32,"column":63}},"line":32},"5":{"name":"(anonymous_5)","decl":{"start":{"line":37,"column":25},"end":{"line":37,"column":31}},"loc":{"start":{"line":37,"column":31},"end":{"line":39,"column":null}},"line":37},"6":{"name":"(anonymous_6)","decl":{"start":{"line":38,"column":20},"end":{"line":38,"column":21}},"loc":{"start":{"line":38,"column":30},"end":{"line":38,"column":51}},"line":38},"7":{"name":"(anonymous_7)","decl":{"start":{"line":41,"column":25},"end":{"line":41,"column":26}},"loc":{"start":{"line":41,"column":35},"end":{"line":44,"column":null}},"line":41},"8":{"name":"(anonymous_8)","decl":{"start":{"line":46,"column":29},"end":{"line":46,"column":30}},"loc":{"start":{"line":46,"column":39},"end":{"line":49,"column":null}},"line":46},"9":{"name":"(anonymous_9)","decl":{"start":{"line":76,"column":17},"end":{"line":76,"column":23}},"loc":{"start":{"line":76,"column":23},"end":{"line":79,"column":null}},"line":76}},"branchMap":{"0":{"loc":{"start":{"line":30,"column":4},"end":{"line":32,"column":null}},"type":"cond-expr","locations":[{"start":{"line":31,"column":8},"end":{"line":31,"column":null}},{"start":{"line":32,"column":8},"end":{"line":32,"column":null}}],"line":30}},"s":{"0":1,"1":1,"2":10,"3":10,"4":10,"5":10,"6":10,"7":10,"8":7,"9":7,"10":7,"11":7,"12":10,"13":0,"14":10,"15":10,"16":10,"17":0,"18":0,"19":10,"20":0,"21":0,"22":10,"23":0,"24":0,"25":10,"26":0,"27":0},"f":{"0":10,"1":7,"2":7,"3":7,"4":0,"5":0,"6":0,"7":0,"8":0,"9":0},"b":{"0":[10,0]},"meta":{"lastBranch":1,"lastFunction":10,"lastStatement":28,"seen":{"s:13:23:13:Infinity":0,"s:15:13:83:Infinity":1,"f:15:13:15:19":0,"s:16:32:16:Infinity":2,"s:17:46:17:Infinity":3,"s:18:38:18:Infinity":4,"s:19:38:19:Infinity":5,"s:20:36:20:Infinity":6,"s:22:2:27:Infinity":7,"f:22:12:22:18":1,"s:23:18:25:Infinity":8,"f:23:29:23:35":2,"s:24:6:24:Infinity":9,"s:26:4:26:Infinity":10,"f:26:11:26:17":3,"s:26:17:26:Infinity":11,"s:30:4:32:Infinity":12,"b:31:8:31:Infinity:32:8:32:Infinity":0,"f:32:24:32:25":4,"s:32:34:32:63":13,"s:34:24:34:Infinity":14,"s:35:18:35:Infinity":15,"s:37:25:39:Infinity":16,"f:37:25:37:31":5,"s:38:4:38:Infinity":17,"f:38:20:38:21":6,"s:38:30:38:51":18,"s:41:25:44:Infinity":19,"f:41:25:41:26":7,"s:42:4:42:Infinity":20,"s:43:4:43:Infinity":21,"s:46:29:49:Infinity":22,"f:46:29:46:30":8,"s:47:4:47:Infinity":23,"s:48:4:48:Infinity":24,"s:51:2:81:Infinity":25,"f:76:17:76:23":9,"s:77:10:77:Infinity":26,"s:78:10:78:Infinity":27}}}
,"/home/tarekul42/programming/web-dev/social-projects/OPTB-P1-kutumbpur-high-school/src/Pages/Home/Home/components/CTASection.jsx": {"path":"/home/tarekul42/programming/web-dev/social-projects/OPTB-P1-kutumbpur-high-school/src/Pages/Home/Home/components/CTASection.jsx","statementMap":{"0":{"start":{"line":3,"column":19},"end":{"line":31,"column":null}},"1":{"start":{"line":4,"column":2},"end":{"line":29,"column":null}}},"fnMap":{"0":{"name":"(anonymous_0)","decl":{"start":{"line":3,"column":19},"end":{"line":3,"column":25}},"loc":{"start":{"line":3,"column":25},"end":{"line":31,"column":null}},"line":3}},"branchMap":{},"s":{"0":1,"1":10},"f":{"0":10},"b":{},"meta":{"lastBranch":0,"lastFunction":1,"lastStatement":2,"seen":{"s:3:19:31:Infinity":0,"f:3:19:3:25":0,"s:4:2:29:Infinity":1}}}
,"/home/tarekul42/programming/web-dev/social-projects/OPTB-P1-kutumbpur-high-school/src/Pages/Home/Home/components/FeaturesSection.jsx": {"path":"/home/tarekul42/programming/web-dev/social-projects/OPTB-P1-kutumbpur-high-school/src/Pages/Home/Home/components/FeaturesSection.jsx","statementMap":{"0":{"start":{"line":3,"column":24},"end":{"line":37,"column":null}},"1":{"start":{"line":4,"column":2},"end":{"line":35,"column":null}},"2":{"start":{"line":18,"column":12},"end":{"line":31,"column":null}}},"fnMap":{"0":{"name":"(anonymous_0)","decl":{"start":{"line":3,"column":24},"end":{"line":3,"column":30}},"loc":{"start":{"line":3,"column":30},"end":{"line":37,"column":null}},"line":3},"1":{"name":"(anonymous_1)","decl":{"start":{"line":17,"column":28},"end":{"line":17,"column":29}},"loc":{"start":{"line":18,"column":12},"end":{"line":31,"column":null}},"line":18}},"branchMap":{},"s":{"0":1,"1":10,"2":30},"f":{"0":10,"1":30},"b":{},"meta":{"lastBranch":0,"lastFunction":2,"lastStatement":3,"seen":{"s:3:24:37:Infinity":0,"f:3:24:3:30":0,"s:4:2:35:Infinity":1,"f:17:28:17:29":1,"s:18:12:31:Infinity":2}}}
,"/home/tarekul42/programming/web-dev/social-projects/OPTB-P1-kutumbpur-high-school/src/Pages/Home/Home/components/HeroSection.jsx": {"path":"/home/tarekul42/programming/web-dev/social-projects/OPTB-P1-kutumbpur-high-school/src/Pages/Home/Home/components/HeroSection.jsx","statementMap":{"0":{"start":{"line":5,"column":20},"end":{"line":95,"column":null}},"1":{"start":{"line":6,"column":2},"end":{"line":93,"column":null}}},"fnMap":{"0":{"name":"(anonymous_0)","decl":{"start":{"line":5,"column":20},"end":{"line":5,"column":21}},"loc":{"start":{"line":5,"column":69},"end":{"line":95,"column":null}},"line":5}},"branchMap":{"0":{"loc":{"start":{"line":28,"column":12},"end":{"line":28,"column":null}},"type":"cond-expr","locations":[{"start":{"line":28,"column":24},"end":{"line":28,"column":54}},{"start":{"line":28,"column":54},"end":{"line":28,"column":null}}],"line":28},"1":{"loc":{"start":{"line":38,"column":12},"end":{"line":38,"column":null}},"type":"cond-expr","locations":[{"start":{"line":38,"column":24},"end":{"line":38,"column":54}},{"start":{"line":38,"column":54},"end":{"line":38,"column":null}}],"line":38},"2":{"loc":{"start":{"line":52,"column":12},"end":{"line":52,"column":null}},"type":"cond-expr","locations":[{"start":{"line":52,"column":24},"end":{"line":52,"column":54}},{"start":{"line":52,"column":54},"end":{"line":52,"column":null}}],"line":52},"3":{"loc":{"start":{"line":62,"column":12},"end":{"line":62,"column":null}},"type":"cond-expr","locations":[{"start":{"line":62,"column":24},"end":{"line":62,"column":54}},{"start":{"line":62,"column":54},"end":{"line":62,"column":null}}],"line":62},"4":{"loc":{"start":{"line":70,"column":12},"end":{"line":70,"column":null}},"type":"cond-expr","locations":[{"start":{"line":70,"column":24},"end":{"line":70,"column":54}},{"start":{"line":70,"column":54},"end":{"line":70,"column":null}}],"line":70}},"s":{"0":1,"1":10},"f":{"0":10},"b":{"0":[3,7],"1":[3,7],"2":[3,7],"3":[3,7],"4":[3,7]},"meta":{"lastBranch":5,"lastFunction":1,"lastStatement":2,"seen":{"s:5:20:95:Infinity":0,"f:5:20:5:21":0,"s:6:2:93:Infinity":1,"b:28:24:28:54:28:54:28:Infinity":0,"b:38:24:38:54:38:54:38:Infinity":1,"b:52:24:52:54:52:54:52:Infinity":2,"b:62:24:62:54:62:54:62:Infinity":3,"b:70:24:70:54:70:54:70:Infinity":4}}}
,"/home/tarekul42/programming/web-dev/social-projects/OPTB-P1-kutumbpur-high-school/src/Pages/Home/Home/components/NewsSection.jsx": {"path":"/home/tarekul42/programming/web-dev/social-projects/OPTB-P1-kutumbpur-high-school/src/Pages/Home/Home/components/NewsSection.jsx","statementMap":{"0":{"start":{"line":4,"column":20},"end":{"line":67,"column":null}},"1":{"start":{"line":14,"column":2},"end":{"line":65,"column":null}},"2":{"start":{"line":29,"column":12},"end":{"line":42,"column":null}},"3":{"start":{"line":32,"column":16},"end":{"line":32,"column":null}},"4":{"start":{"line":33,"column":16},"end":{"line":33,"column":null}},"5":{"start":{"line":49,"column":12},"end":{"line":49,"column":null}}},"fnMap":{"0":{"name":"(anonymous_0)","decl":{"start":{"line":4,"column":20},"end":{"line":4,"column":21}},"loc":{"start":{"line":13,"column":6},"end":{"line":67,"column":null}},"line":13},"1":{"name":"(anonymous_1)","decl":{"start":{"line":28,"column":30},"end":{"line":28,"column":31}},"loc":{"start":{"line":29,"column":12},"end":{"line":42,"column":null}},"line":29},"2":{"name":"(anonymous_2)","decl":{"start":{"line":31,"column":23},"end":{"line":31,"column":29}},"loc":{"start":{"line":31,"column":29},"end":{"line":34,"column":null}},"line":31},"3":{"name":"(anonymous_3)","decl":{"start":{"line":48,"column":29},"end":{"line":48,"column":30}},"loc":{"start":{"line":49,"column":12},"end":{"line":49,"column":null}},"line":49}},"branchMap":{"0":{"loc":{"start":{"line":36,"column":16},"end":{"line":38,"column":null}},"type":"cond-expr","locations":[{"start":{"line":37,"column":20},"end":{"line":37,"column":null}},{"start":{"line":38,"column":20},"end":{"line":38,"column":null}}],"line":36},"1":{"loc":{"start":{"line":54,"column":9},"end":{"line":62,"column":null}},"type":"binary-expr","locations":[{"start":{"line":54,"column":9},"end":{"line":54,"column":null}},{"start":{"line":55,"column":10},"end":{"line":62,"column":null}}],"line":54}},"s":{"0":1,"1":10,"2":40,"3":0,"4":0,"5":30},"f":{"0":10,"1":40,"2":0,"3":30},"b":{"0":[10,30],"1":[10,10]},"meta":{"lastBranch":2,"lastFunction":4,"lastStatement":6,"seen":{"s:4:20:67:Infinity":0,"f:4:20:4:21":0,"s:14:2:65:Infinity":1,"f:28:30:28:31":1,"s:29:12:42:Infinity":2,"f:31:23:31:29":2,"s:32:16:32:Infinity":3,"s:33:16:33:Infinity":4,"b:37:20:37:Infinity:38:20:38:Infinity":0,"f:48:29:48:30":3,"s:49:12:49:Infinity":5,"b:54:9:54:Infinity:55:10:62:Infinity":1}}}
,"/home/tarekul42/programming/web-dev/social-projects/OPTB-P1-kutumbpur-high-school/src/Pages/Home/Home/components/ProgramsSection.jsx": {"path":"/home/tarekul42/programming/web-dev/social-projects/OPTB-P1-kutumbpur-high-school/src/Pages/Home/Home/components/ProgramsSection.jsx","statementMap":{"0":{"start":{"line":3,"column":24},"end":{"line":38,"column":null}},"1":{"start":{"line":4,"column":2},"end":{"line":36,"column":null}},"2":{"start":{"line":17,"column":12},"end":{"line":32,"column":null}}},"fnMap":{"0":{"name":"(anonymous_0)","decl":{"start":{"line":3,"column":24},"end":{"line":3,"column":30}},"loc":{"start":{"line":3,"column":30},"end":{"line":38,"column":null}},"line":3},"1":{"name":"(anonymous_1)","decl":{"start":{"line":16,"column":28},"end":{"line":16,"column":29}},"loc":{"start":{"line":17,"column":12},"end":{"line":32,"column":null}},"line":17}},"branchMap":{},"s":{"0":1,"1":10,"2":30},"f":{"0":10,"1":30},"b":{},"meta":{"lastBranch":0,"lastFunction":2,"lastStatement":3,"seen":{"s:3:24:38:Infinity":0,"f:3:24:3:30":0,"s:4:2:36:Infinity":1,"f:16:28:16:29":1,"s:17:12:32:Infinity":2}}}
,"/home/tarekul42/programming/web-dev/social-projects/OPTB-P1-kutumbpur-high-school/src/Pages/Home/Home/components/StatsSection.jsx": {"path":"/home/tarekul42/programming/web-dev/social-projects/OPTB-P1-kutumbpur-high-school/src/Pages/Home/Home/components/StatsSection.jsx","statementMap":{"0":{"start":{"line":4,"column":21},"end":{"line":22,"column":null}},"1":{"start":{"line":5,"column":2},"end":{"line":20,"column":null}},"2":{"start":{"line":11,"column":12},"end":{"line":16,"column":null}}},"fnMap":{"0":{"name":"(anonymous_0)","decl":{"start":{"line":4,"column":21},"end":{"line":4,"column":27}},"loc":{"start":{"line":4,"column":27},"end":{"line":22,"column":null}},"line":4},"1":{"name":"(anonymous_1)","decl":{"start":{"line":10,"column":25},"end":{"line":10,"column":26}},"loc":{"start":{"line":11,"column":12},"end":{"line":16,"column":null}},"line":11}},"branchMap":{},"s":{"0":1,"1":10,"2":40},"f":{"0":10,"1":40},"b":{},"meta":{"lastBranch":0,"lastFunction":2,"lastStatement":3,"seen":{"s:4:21:22:Infinity":0,"f:4:21:4:27":0,"s:5:2:20:Infinity":1,"f:10:25:10:26":1,"s:11:12:16:Infinity":2}}}
,"/home/tarekul42/programming/web-dev/social-projects/OPTB-P1-kutumbpur-high-school/src/Pages/Home/Home/components/TestimonialsSection.jsx": {"path":"/home/tarekul42/programming/web-dev/social-projects/OPTB-P1-kutumbpur-high-school/src/Pages/Home/Home/components/TestimonialsSection.jsx","statementMap":{"0":{"start":{"line":4,"column":28},"end":{"line":20,"column":null}},"1":{"start":{"line":5,"column":2},"end":{"line":18,"column":null}}},"fnMap":{"0":{"name":"(anonymous_0)","decl":{"start":{"line":4,"column":28},"end":{"line":4,"column":34}},"loc":{"start":{"line":4,"column":34},"end":{"line":20,"column":null}},"line":4}},"branchMap":{},"s":{"0":1,"1":10},"f":{"0":10},"b":{},"meta":{"lastBranch":0,"lastFunction":1,"lastStatement":2,"seen":{"s:4:28:20:Infinity":0,"f:4:28:4:34":0,"s:5:2:18:Infinity":1}}}
,"/home/tarekul42/programming/web-dev/social-projects/OPTB-P1-kutumbpur-high-school/src/assets/school_hero_main.png": {"path":"/home/tarekul42/programming/web-dev/social-projects/OPTB-P1-kutumbpur-high-school/src/assets/school_hero_main.png","statementMap":{},"fnMap":{},"branchMap":{},"s":{},"f":{},"b":{},"meta":{"lastBranch":0,"lastFunction":0,"lastStatement":0,"seen":{}}}
,"/home/tarekul42/programming/web-dev/social-projects/OPTB-P1-kutumbpur-high-school/src/data/homeData.jsx": {"path":"/home/tarekul42/programming/web-dev/social-projects/OPTB-P1-kutumbpur-high-school/src/data/homeData.jsx","statementMap":{"0":{"start":{"line":1,"column":28},"end":{"line":62,"column":null}},"1":{"start":{"line":64,"column":28},"end":{"line":83,"column":null}},"2":{"start":{"line":85,"column":25},"end":{"line":90,"column":null}},"3":{"start":{"line":92,"column":32},"end":{"line":125,"column":null}},"4":{"start":{"line":127,"column":24},"end":{"line":237,"column":null}},"5":{"start":{"line":239,"column":30},"end":{"line":239,"column":null}}},"fnMap":{},"branchMap":{},"s":{"0":1,"1":1,"2":1,"3":1,"4":1,"5":1},"f":{},"b":{},"meta":{"lastBranch":0,"lastFunction":0,"lastStatement":6,"seen":{"s:1:28:62:Infinity":0,"s:64:28:83:Infinity":1,"s:85:25:90:Infinity":2,"s:92:32:125:Infinity":3,"s:127:24:237:Infinity":4,"s:239:30:239:Infinity":5}}}
}
